[0.373s] Invoking command in '/home/bridgetech/ros2_ws/src/Pluto/build/realsense2_camera_msgs': CMAKE_PREFIX_PATH=${CMAKE_PREFIX_PATH}:/home/bridgetech/ros2_ws/install/py_pubsub:/home/bridgetech/ros2_ws/install/examples_rclpy_minimal_subscriber:/home/bridgetech/ros2_ws/install/examples_rclpy_minimal_service:/home/bridgetech/ros2_ws/install/examples_rclpy_minimal_publisher:/home/bridgetech/ros2_ws/install/examples_rclpy_minimal_client:/home/bridgetech/ros2_ws/install/examples_rclpy_minimal_action_server:/home/bridgetech/ros2_ws/install/examples_rclpy_minimal_action_client:/home/bridgetech/ros2_ws/install/examples_rclpy_executors:/home/bridgetech/IntelVino/pluto/install/py_launch_example:/home/bridgetech/IntelVino/pluto/install/maestro_controller:/home/bridgetech/IntelVino/pluto/install/compass:/opt/ros/foxy /usr/bin/cmake /home/bridgetech/ros2_ws/src/Pluto/realsense-ros/realsense2_camera_msgs -DCMAKE_INSTALL_PREFIX=/home/bridgetech/ros2_ws/src/Pluto/install/realsense2_camera_msgs
[0.491s] -- The C compiler identification is GNU 9.4.0
[0.716s] -- The CXX compiler identification is GNU 9.4.0
[0.736s] -- Check for working C compiler: /usr/bin/cc
[0.981s] -- Check for working C compiler: /usr/bin/cc -- works
[0.981s] -- Detecting C compiler ABI info
[1.408s] -- Detecting C compiler ABI info - done
[1.440s] -- Detecting C compile features
[1.443s] -- Detecting C compile features - done
[1.454s] -- Check for working CXX compiler: /usr/bin/c++
[1.799s] -- Check for working CXX compiler: /usr/bin/c++ -- works
[1.799s] -- Detecting CXX compiler ABI info
[1.934s] -- Detecting CXX compiler ABI info - done
[1.950s] -- Detecting CXX compile features
[1.951s] -- Detecting CXX compile features - done
[1.958s] -- Found ament_cmake: 0.9.9 (/opt/ros/foxy/share/ament_cmake/cmake)
[2.012s] -- Found PythonInterp: /usr/bin/python3 (found suitable version "3.8.10", minimum required is "3") 
[2.012s] -- Using PYTHON_EXECUTABLE: /usr/bin/python3
[2.611s] -- Found rosidl_default_generators: 1.0.1 (/opt/ros/foxy/share/rosidl_default_generators/cmake)
[2.635s] -- Using all available rosidl_typesupport_c: rosidl_typesupport_fastrtps_c;rosidl_typesupport_introspection_c
[2.669s] -- Found rosidl_adapter: 1.2.1 (/opt/ros/foxy/share/rosidl_adapter/cmake)
[2.907s] -- Found OpenSSL: /usr/lib/x86_64-linux-gnu/libcrypto.so (found version "1.1.1f")  
[2.958s] -- Found FastRTPS: /opt/ros/foxy/include  
[3.133s] -- Using all available rosidl_typesupport_cpp: rosidl_typesupport_fastrtps_cpp;rosidl_typesupport_introspection_cpp
[3.202s] -- Found builtin_interfaces: 1.0.0 (/opt/ros/foxy/share/builtin_interfaces/cmake)
[3.230s] -- Found std_msgs: 2.0.5 (/opt/ros/foxy/share/std_msgs/cmake)
[3.312s] -- Found PythonInterp: /usr/bin/python3 (found version "3.8.10") 
[3.669s] -- Found ament_cmake_cppcheck: 0.9.6 (/opt/ros/foxy/share/ament_cmake_cppcheck/cmake)
[3.678s] -- Found ament_cmake_cpplint: 0.9.6 (/opt/ros/foxy/share/ament_cmake_cpplint/cmake)
[3.694s] -- Found ament_cmake_uncrustify: 0.9.6 (/opt/ros/foxy/share/ament_cmake_uncrustify/cmake)
[3.702s] -- Found ament_cmake_ros: 0.9.2 (/opt/ros/foxy/share/ament_cmake_ros/cmake)
[4.115s] -- Using all available rosidl_typesupport_c: rosidl_typesupport_fastrtps_c;rosidl_typesupport_introspection_c
[4.238s] -- Using all available rosidl_typesupport_cpp: rosidl_typesupport_fastrtps_cpp;rosidl_typesupport_introspection_cpp
[4.336s] -- Found PythonInterp: /usr/bin/python3 (found suitable version "3.8.10", minimum required is "3.5") 
[4.341s] -- Found python_cmake_module: 0.8.1 (/opt/ros/foxy/share/python_cmake_module/cmake)
[4.407s] -- Found PythonLibs: /usr/lib/x86_64-linux-gnu/libpython3.8.so (found suitable version "3.8.10", minimum required is "3.5") 
[4.408s] -- Using PYTHON_EXECUTABLE: /usr/bin/python3
[4.408s] -- Using PYTHON_INCLUDE_DIRS: /usr/include/python3.8
[4.408s] -- Using PYTHON_LIBRARIES: /usr/lib/x86_64-linux-gnu/libpython3.8.so
[4.449s] -- Found PythonExtra: .so  
[4.607s] -- Found ament_cmake_flake8: 0.9.6 (/opt/ros/foxy/share/ament_cmake_flake8/cmake)
[4.615s] -- Found ament_cmake_pep257: 0.9.6 (/opt/ros/foxy/share/ament_cmake_pep257/cmake)
[4.632s] -- Configuring done
[4.730s] -- Generating done
[4.734s] -- Build files have been written to: /home/bridgetech/ros2_ws/src/Pluto/build/realsense2_camera_msgs
