[0.011s] Invoking command in '/home/docker/ros2_ws/src/Pluto/custom_msgs/build/custom_msgs': CMAKE_PREFIX_PATH=${CMAKE_PREFIX_PATH}:/home/docker/ros2_ws/install/yolov5_ros:/home/docker/ros2_ws/install/splunk_logger:/home/docker/ros2_ws/install/simulation_to_reality_converter:/home/docker/ros2_ws/install/select_area:/home/docker/ros2_ws/install/realsense_camera:/home/docker/ros2_ws/install/pluto_launch:/home/docker/ros2_ws/install/odometry_calculation:/home/docker/ros2_ws/install/nmea_navsat_driver:/home/docker/ros2_ws/install/navigate_by_pose:/home/docker/ros2_ws/install/maestro_controller:/home/docker/ros2_ws/install/image_filter:/home/docker/ros2_ws/install/gps_velocity:/home/docker/ros2_ws/install/gps_filter:/home/docker/ros2_ws/install/fishbot_description:/home/docker/ros2_ws/install/fake_gps_publisher:/home/docker/ros2_ws/install/customize_local_planner:/home/docker/ros2_ws/install/controller:/home/docker/ros2_ws/install/compass:/home/docker/ros2_ws/install/arduino_controller:/opt/ros/iron /usr/bin/cmake /home/docker/ros2_ws/src/Pluto/custom_msgs -DCMAKE_INSTALL_PREFIX=/home/docker/ros2_ws/src/Pluto/custom_msgs/install/custom_msgs
[0.136s] -- The C compiler identification is GNU 11.4.0
[0.227s] -- The CXX compiler identification is GNU 11.4.0
[0.234s] -- Detecting C compiler ABI info
[0.296s] -- Detecting C compiler ABI info - done
[0.303s] -- Check for working C compiler: /usr/bin/cc - skipped
[0.303s] -- Detecting C compile features
[0.303s] -- Detecting C compile features - done
[0.306s] -- Detecting CXX compiler ABI info
[0.387s] -- Detecting CXX compiler ABI info - done
[0.395s] -- Check for working CXX compiler: /usr/bin/c++ - skipped
[0.395s] -- Detecting CXX compile features
[0.395s] -- Detecting CXX compile features - done
[0.401s] -- Found ament_cmake: 2.0.5 (/opt/ros/iron/share/ament_cmake/cmake)
[0.605s] -- Found Python3: /usr/bin/python3.10 (found version "3.10.12") found components: Interpreter 
[0.746s] -- Found geometry_msgs: 5.0.1 (/opt/ros/iron/share/geometry_msgs/cmake)
[0.815s] -- Found rosidl_generator_c: 4.0.1 (/opt/ros/iron/share/rosidl_generator_c/cmake)
[0.837s] -- Found rosidl_generator_cpp: 4.0.1 (/opt/ros/iron/share/rosidl_generator_cpp/cmake)
[0.865s] -- Using all available rosidl_typesupport_c: rosidl_typesupport_fastrtps_c;rosidl_typesupport_introspection_c
[0.893s] -- Using all available rosidl_typesupport_cpp: rosidl_typesupport_fastrtps_cpp;rosidl_typesupport_introspection_cpp
[0.990s] -- Found rosidl_default_generators: 1.5.0 (/opt/ros/iron/share/rosidl_default_generators/cmake)
[1.021s] -- Found rosidl_adapter: 4.0.1 (/opt/ros/iron/share/rosidl_adapter/cmake)
[1.340s] -- Found ament_cmake_ros: 0.11.2 (/opt/ros/iron/share/ament_cmake_ros/cmake)
[1.735s] -- Using all available rosidl_typesupport_c: rosidl_typesupport_fastrtps_c;rosidl_typesupport_introspection_c
[1.885s] -- Using all available rosidl_typesupport_cpp: rosidl_typesupport_fastrtps_cpp;rosidl_typesupport_introspection_cpp
[1.913s] -- Found PythonInterp: /usr/bin/python3 (found suitable version "3.10.12", minimum required is "3.6") 
[1.919s] -- Found python_cmake_module: 0.10.2 (/opt/ros/iron/share/python_cmake_module/cmake)
[1.952s] -- Found PythonLibs: /usr/lib/x86_64-linux-gnu/libpython3.10.so (found suitable version "3.10.12", minimum required is "3.5") 
[1.952s] -- Using PYTHON_EXECUTABLE: /usr/bin/python3
[1.952s] -- Using PYTHON_INCLUDE_DIRS: /usr/include/python3.10
[1.952s] -- Using PYTHON_LIBRARIES: /usr/lib/x86_64-linux-gnu/libpython3.10.so
[1.974s] -- Found PythonExtra: .so  
[2.047s] -- Found ament_lint_auto: 0.14.3 (/opt/ros/iron/share/ament_lint_auto/cmake)
[2.096s] -- Added test 'cppcheck' to perform static code analysis on C / C++ code
[2.096s] -- Configured cppcheck include dirs: $<BUILD_INTERFACE:/home/docker/ros2_ws/src/Pluto/custom_msgs/build/custom_msgs/rosidl_generator_c>;$<BUILD_INTERFACE:/home/docker/ros2_ws/src/Pluto/custom_msgs/build/custom_msgs/rosidl_typesupport_fastrtps_c>;$<BUILD_INTERFACE:/home/docker/ros2_ws/src/Pluto/custom_msgs/build/custom_msgs/rosidl_generator_cpp>;$<BUILD_INTERFACE:/home/docker/ros2_ws/src/Pluto/custom_msgs/build/custom_msgs/rosidl_typesupport_fastrtps_cpp>;$<BUILD_INTERFACE:/home/docker/ros2_ws/src/Pluto/custom_msgs/build/custom_msgs/rosidl_typesupport_introspection_c>;$<BUILD_INTERFACE:/home/docker/ros2_ws/src/Pluto/custom_msgs/build/custom_msgs/rosidl_typesupport_introspection_cpp>;/home/docker/ros2_ws/src/Pluto/custom_msgs/build/custom_msgs/rosidl_generator_c;/home/docker/ros2_ws/src/Pluto/custom_msgs/build/custom_msgs/rosidl_generator_py
[2.096s] -- Configured cppcheck exclude dirs and/or files: 
[2.098s] -- Added test 'flake8' to check Python code syntax and style conventions
[2.098s] -- Configured 'flake8' exclude dirs and/or files: 
[2.100s] -- Added test 'lint_cmake' to check CMake code style
[2.102s] -- Added test 'pep257' to check Python code against some of the docstring style conventions in PEP 257
[2.107s] -- Added test 'uncrustify' to check C / C++ code style
[2.107s] -- Configured uncrustify additional arguments: 
[2.110s] -- Added test 'xmllint' to check XML markup files
[2.114s] -- Configuring done
[2.149s] -- Generating done
[2.151s] -- Build files have been written to: /home/docker/ros2_ws/src/Pluto/custom_msgs/build/custom_msgs
[2.160s] Invoked command in '/home/docker/ros2_ws/src/Pluto/custom_msgs/build/custom_msgs' returned '0': CMAKE_PREFIX_PATH=${CMAKE_PREFIX_PATH}:/home/docker/ros2_ws/install/yolov5_ros:/home/docker/ros2_ws/install/splunk_logger:/home/docker/ros2_ws/install/simulation_to_reality_converter:/home/docker/ros2_ws/install/select_area:/home/docker/ros2_ws/install/realsense_camera:/home/docker/ros2_ws/install/pluto_launch:/home/docker/ros2_ws/install/odometry_calculation:/home/docker/ros2_ws/install/nmea_navsat_driver:/home/docker/ros2_ws/install/navigate_by_pose:/home/docker/ros2_ws/install/maestro_controller:/home/docker/ros2_ws/install/image_filter:/home/docker/ros2_ws/install/gps_velocity:/home/docker/ros2_ws/install/gps_filter:/home/docker/ros2_ws/install/fishbot_description:/home/docker/ros2_ws/install/fake_gps_publisher:/home/docker/ros2_ws/install/customize_local_planner:/home/docker/ros2_ws/install/controller:/home/docker/ros2_ws/install/compass:/home/docker/ros2_ws/install/arduino_controller:/opt/ros/iron /usr/bin/cmake /home/docker/ros2_ws/src/Pluto/custom_msgs -DCMAKE_INSTALL_PREFIX=/home/docker/ros2_ws/src/Pluto/custom_msgs/install/custom_msgs
[2.162s] Invoking command in '/home/docker/ros2_ws/src/Pluto/custom_msgs/build/custom_msgs': CMAKE_PREFIX_PATH=${CMAKE_PREFIX_PATH}:/home/docker/ros2_ws/install/yolov5_ros:/home/docker/ros2_ws/install/splunk_logger:/home/docker/ros2_ws/install/simulation_to_reality_converter:/home/docker/ros2_ws/install/select_area:/home/docker/ros2_ws/install/realsense_camera:/home/docker/ros2_ws/install/pluto_launch:/home/docker/ros2_ws/install/odometry_calculation:/home/docker/ros2_ws/install/nmea_navsat_driver:/home/docker/ros2_ws/install/navigate_by_pose:/home/docker/ros2_ws/install/maestro_controller:/home/docker/ros2_ws/install/image_filter:/home/docker/ros2_ws/install/gps_velocity:/home/docker/ros2_ws/install/gps_filter:/home/docker/ros2_ws/install/fishbot_description:/home/docker/ros2_ws/install/fake_gps_publisher:/home/docker/ros2_ws/install/customize_local_planner:/home/docker/ros2_ws/install/controller:/home/docker/ros2_ws/install/compass:/home/docker/ros2_ws/install/arduino_controller:/opt/ros/iron /usr/bin/cmake --build /home/docker/ros2_ws/src/Pluto/custom_msgs/build/custom_msgs -- -j8 -l8
[2.218s] [  2%] [34m[1mGenerating type hashes for ROS interfaces[0m
[2.226s] [  2%] Built target ament_cmake_python_copy_custom_msgs
[2.398s] [  2%] Built target custom_msgs__rosidl_generator_type_description
[2.410s] [  5%] [34m[1mGenerating C code for ROS interfaces[0m
[2.424s] [  8%] [34m[1mGenerating C++ code for ROS interfaces[0m
[2.490s] running egg_info
[2.491s] creating custom_msgs.egg-info
[2.492s] writing custom_msgs.egg-info/PKG-INFO
[2.492s] writing dependency_links to custom_msgs.egg-info/dependency_links.txt
[2.492s] writing top-level names to custom_msgs.egg-info/top_level.txt
[2.492s] writing manifest file 'custom_msgs.egg-info/SOURCES.txt'
[2.495s] reading manifest file 'custom_msgs.egg-info/SOURCES.txt'
[2.496s] writing manifest file 'custom_msgs.egg-info/SOURCES.txt'
[2.530s] [  8%] Built target ament_cmake_python_build_custom_msgs_egg
[2.631s] [  8%] Built target custom_msgs__cpp
[2.683s] [ 17%] [32mBuilding C object CMakeFiles/custom_msgs__rosidl_generator_c.dir/rosidl_generator_c/custom_msgs/msg/detail/line_msg__type_support.c.o[0m
[2.683s] [ 17%] [32mBuilding C object CMakeFiles/custom_msgs__rosidl_generator_c.dir/rosidl_generator_c/custom_msgs/msg/detail/line_msg__functions.c.o[0m
[2.683s] [ 17%] [32mBuilding C object CMakeFiles/custom_msgs__rosidl_generator_c.dir/rosidl_generator_c/custom_msgs/msg/detail/line_msg__description.c.o[0m
[2.742s] [ 20%] [32m[1mLinking C shared library libcustom_msgs__rosidl_generator_c.so[0m
[2.786s] [ 20%] Built target custom_msgs__rosidl_generator_c
[2.800s] [ 26%] [34m[1mGenerating C++ type support for eProsima Fast-RTPS[0m
[2.800s] [ 26%] [34m[1mGenerating C++ type support dispatch for ROS interfaces[0m
[2.801s] [ 29%] [34m[1mGenerating C type support for eProsima Fast-RTPS[0m
[2.801s] [ 35%] [34m[1mGenerating C++ introspection for ROS interfaces[0m
[2.802s] [ 35%] [34m[1mGenerating C introspection for ROS interfaces[0m
[2.802s] [ 38%] [34m[1mGenerating C type support dispatch for ROS interfaces[0m
[3.068s] [ 41%] [32mBuilding CXX object CMakeFiles/custom_msgs__rosidl_typesupport_introspection_cpp.dir/rosidl_typesupport_introspection_cpp/custom_msgs/msg/detail/line_msg__type_support.cpp.o[0m
[3.082s] [ 44%] [32mBuilding CXX object CMakeFiles/custom_msgs__rosidl_typesupport_c.dir/rosidl_typesupport_c/custom_msgs/msg/line_msg__type_support.cpp.o[0m
[3.091s] [ 47%] [32mBuilding CXX object CMakeFiles/custom_msgs__rosidl_typesupport_fastrtps_cpp.dir/rosidl_typesupport_fastrtps_cpp/custom_msgs/msg/detail/dds_fastrtps/line_msg__type_support.cpp.o[0m
[3.114s] [ 50%] [32mBuilding CXX object CMakeFiles/custom_msgs__rosidl_typesupport_cpp.dir/rosidl_typesupport_cpp/custom_msgs/msg/line_msg__type_support.cpp.o[0m
[3.138s] [ 52%] [32m[1mLinking CXX shared library libcustom_msgs__rosidl_typesupport_c.so[0m
[3.142s] [ 55%] [32mBuilding CXX object CMakeFiles/custom_msgs__rosidl_typesupport_fastrtps_c.dir/rosidl_typesupport_fastrtps_c/custom_msgs/msg/detail/line_msg__type_support_c.cpp.o[0m
[3.160s] [ 58%] [32mBuilding C object CMakeFiles/custom_msgs__rosidl_typesupport_introspection_c.dir/rosidl_typesupport_introspection_c/custom_msgs/msg/detail/line_msg__type_support.c.o[0m
[3.199s] [ 58%] Built target custom_msgs__rosidl_typesupport_c
[3.206s] [ 61%] [32m[1mLinking C shared library libcustom_msgs__rosidl_typesupport_introspection_c.so[0m
[3.251s] [ 61%] Built target custom_msgs__rosidl_typesupport_introspection_c
[3.510s] [ 64%] [32m[1mLinking CXX shared library libcustom_msgs__rosidl_typesupport_fastrtps_c.so[0m
[3.513s] [ 67%] [32m[1mLinking CXX shared library libcustom_msgs__rosidl_typesupport_introspection_cpp.so[0m
[3.542s] [ 70%] [32m[1mLinking CXX shared library libcustom_msgs__rosidl_typesupport_cpp.so[0m
[3.591s] [ 70%] Built target custom_msgs__rosidl_typesupport_introspection_cpp
[3.592s] [ 70%] Built target custom_msgs__rosidl_typesupport_cpp
[3.601s] [ 70%] Built target custom_msgs__rosidl_typesupport_fastrtps_c
[3.635s] [ 73%] [32m[1mLinking CXX shared library libcustom_msgs__rosidl_typesupport_fastrtps_cpp.so[0m
[3.703s] [ 73%] Built target custom_msgs__rosidl_typesupport_fastrtps_cpp
[3.734s] [ 73%] Built target custom_msgs
[3.766s] [ 76%] [34m[1mGenerating Python code for ROS interfaces[0m
[3.997s] [ 76%] Built target custom_msgs__py
[4.016s] [ 79%] [32mBuilding C object CMakeFiles/custom_msgs__rosidl_generator_py.dir/rosidl_generator_py/custom_msgs/msg/_line_msg_s.c.o[0m
[4.109s] [ 82%] [32m[1mLinking C shared library rosidl_generator_py/custom_msgs/libcustom_msgs__rosidl_generator_py.so[0m
[4.151s] [ 82%] Built target custom_msgs__rosidl_generator_py
[4.173s] [ 88%] [32mBuilding C object CMakeFiles/custom_msgs__rosidl_typesupport_c__pyext.dir/rosidl_generator_py/custom_msgs/_custom_msgs_s.ep.rosidl_typesupport_c.c.o[0m
[4.173s] [ 91%] [32mBuilding C object CMakeFiles/custom_msgs__rosidl_typesupport_fastrtps_c__pyext.dir/rosidl_generator_py/custom_msgs/_custom_msgs_s.ep.rosidl_typesupport_fastrtps_c.c.o[0m
[4.173s] [ 91%] [32mBuilding C object CMakeFiles/custom_msgs__rosidl_typesupport_introspection_c__pyext.dir/rosidl_generator_py/custom_msgs/_custom_msgs_s.ep.rosidl_typesupport_introspection_c.c.o[0m
[4.257s] [100%] [32m[1mLinking C shared library rosidl_generator_py/custom_msgs/custom_msgs_s__rosidl_typesupport_c.cpython-310-x86_64-linux-gnu.so[0m
[4.258s] [100%] [32m[1mLinking C shared library rosidl_generator_py/custom_msgs/custom_msgs_s__rosidl_typesupport_introspection_c.cpython-310-x86_64-linux-gnu.so[0m
[4.258s] [100%] [32m[1mLinking C shared library rosidl_generator_py/custom_msgs/custom_msgs_s__rosidl_typesupport_fastrtps_c.cpython-310-x86_64-linux-gnu.so[0m
[4.295s] [100%] Built target custom_msgs__rosidl_typesupport_fastrtps_c__pyext
[4.295s] [100%] Built target custom_msgs__rosidl_typesupport_c__pyext
[4.295s] [100%] Built target custom_msgs__rosidl_typesupport_introspection_c__pyext
[4.304s] Invoked command in '/home/docker/ros2_ws/src/Pluto/custom_msgs/build/custom_msgs' returned '0': CMAKE_PREFIX_PATH=${CMAKE_PREFIX_PATH}:/home/docker/ros2_ws/install/yolov5_ros:/home/docker/ros2_ws/install/splunk_logger:/home/docker/ros2_ws/install/simulation_to_reality_converter:/home/docker/ros2_ws/install/select_area:/home/docker/ros2_ws/install/realsense_camera:/home/docker/ros2_ws/install/pluto_launch:/home/docker/ros2_ws/install/odometry_calculation:/home/docker/ros2_ws/install/nmea_navsat_driver:/home/docker/ros2_ws/install/navigate_by_pose:/home/docker/ros2_ws/install/maestro_controller:/home/docker/ros2_ws/install/image_filter:/home/docker/ros2_ws/install/gps_velocity:/home/docker/ros2_ws/install/gps_filter:/home/docker/ros2_ws/install/fishbot_description:/home/docker/ros2_ws/install/fake_gps_publisher:/home/docker/ros2_ws/install/customize_local_planner:/home/docker/ros2_ws/install/controller:/home/docker/ros2_ws/install/compass:/home/docker/ros2_ws/install/arduino_controller:/opt/ros/iron /usr/bin/cmake --build /home/docker/ros2_ws/src/Pluto/custom_msgs/build/custom_msgs -- -j8 -l8
[4.419s] Invoking command in '/home/docker/ros2_ws/src/Pluto/custom_msgs/build/custom_msgs': CMAKE_PREFIX_PATH=${CMAKE_PREFIX_PATH}:/home/docker/ros2_ws/install/yolov5_ros:/home/docker/ros2_ws/install/splunk_logger:/home/docker/ros2_ws/install/simulation_to_reality_converter:/home/docker/ros2_ws/install/select_area:/home/docker/ros2_ws/install/realsense_camera:/home/docker/ros2_ws/install/pluto_launch:/home/docker/ros2_ws/install/odometry_calculation:/home/docker/ros2_ws/install/nmea_navsat_driver:/home/docker/ros2_ws/install/navigate_by_pose:/home/docker/ros2_ws/install/maestro_controller:/home/docker/ros2_ws/install/image_filter:/home/docker/ros2_ws/install/gps_velocity:/home/docker/ros2_ws/install/gps_filter:/home/docker/ros2_ws/install/fishbot_description:/home/docker/ros2_ws/install/fake_gps_publisher:/home/docker/ros2_ws/install/customize_local_planner:/home/docker/ros2_ws/install/controller:/home/docker/ros2_ws/install/compass:/home/docker/ros2_ws/install/arduino_controller:/opt/ros/iron /usr/bin/cmake --install /home/docker/ros2_ws/src/Pluto/custom_msgs/build/custom_msgs
[4.428s] -- Install configuration: ""
[4.429s] -- Installing: /home/docker/ros2_ws/src/Pluto/custom_msgs/install/custom_msgs/share/ament_index/resource_index/rosidl_interfaces/custom_msgs
[4.429s] -- Installing: /home/docker/ros2_ws/src/Pluto/custom_msgs/install/custom_msgs/share/custom_msgs/msg/LineMsg.json
[4.429s] -- Installing: /home/docker/ros2_ws/src/Pluto/custom_msgs/install/custom_msgs/include/custom_msgs/custom_msgs
[4.429s] -- Installing: /home/docker/ros2_ws/src/Pluto/custom_msgs/install/custom_msgs/include/custom_msgs/custom_msgs/msg
[4.429s] -- Installing: /home/docker/ros2_ws/src/Pluto/custom_msgs/install/custom_msgs/include/custom_msgs/custom_msgs/msg/rosidl_generator_c__visibility_control.h
[4.429s] -- Installing: /home/docker/ros2_ws/src/Pluto/custom_msgs/install/custom_msgs/include/custom_msgs/custom_msgs/msg/detail
[4.429s] -- Installing: /home/docker/ros2_ws/src/Pluto/custom_msgs/install/custom_msgs/include/custom_msgs/custom_msgs/msg/detail/line_msg__description.c
[4.429s] -- Installing: /home/docker/ros2_ws/src/Pluto/custom_msgs/install/custom_msgs/include/custom_msgs/custom_msgs/msg/detail/line_msg__struct.h
[4.429s] -- Installing: /home/docker/ros2_ws/src/Pluto/custom_msgs/install/custom_msgs/include/custom_msgs/custom_msgs/msg/detail/line_msg__type_support.c
[4.429s] -- Installing: /home/docker/ros2_ws/src/Pluto/custom_msgs/install/custom_msgs/include/custom_msgs/custom_msgs/msg/detail/line_msg__functions.c
[4.429s] -- Installing: /home/docker/ros2_ws/src/Pluto/custom_msgs/install/custom_msgs/include/custom_msgs/custom_msgs/msg/detail/line_msg__functions.h
[4.429s] -- Installing: /home/docker/ros2_ws/src/Pluto/custom_msgs/install/custom_msgs/include/custom_msgs/custom_msgs/msg/detail/line_msg__type_support.h
[4.429s] -- Installing: /home/docker/ros2_ws/src/Pluto/custom_msgs/install/custom_msgs/include/custom_msgs/custom_msgs/msg/line_msg.h
[4.429s] -- Installing: /home/docker/ros2_ws/src/Pluto/custom_msgs/install/custom_msgs/share/custom_msgs/environment/library_path.sh
[4.429s] -- Installing: /home/docker/ros2_ws/src/Pluto/custom_msgs/install/custom_msgs/share/custom_msgs/environment/library_path.dsv
[4.430s] -- Installing: /home/docker/ros2_ws/src/Pluto/custom_msgs/install/custom_msgs/lib/libcustom_msgs__rosidl_generator_c.so
[4.430s] -- Set runtime path of "/home/docker/ros2_ws/src/Pluto/custom_msgs/install/custom_msgs/lib/libcustom_msgs__rosidl_generator_c.so" to ""
[4.430s] -- Up-to-date: /home/docker/ros2_ws/src/Pluto/custom_msgs/install/custom_msgs/include/custom_msgs/custom_msgs
[4.430s] -- Up-to-date: /home/docker/ros2_ws/src/Pluto/custom_msgs/install/custom_msgs/include/custom_msgs/custom_msgs/msg
[4.430s] -- Up-to-date: /home/docker/ros2_ws/src/Pluto/custom_msgs/install/custom_msgs/include/custom_msgs/custom_msgs/msg/detail
[4.430s] -- Installing: /home/docker/ros2_ws/src/Pluto/custom_msgs/install/custom_msgs/include/custom_msgs/custom_msgs/msg/detail/line_msg__rosidl_typesupport_fastrtps_c.h
[4.430s] -- Installing: /home/docker/ros2_ws/src/Pluto/custom_msgs/install/custom_msgs/include/custom_msgs/custom_msgs/msg/rosidl_typesupport_fastrtps_c__visibility_control.h
[4.430s] -- Installing: /home/docker/ros2_ws/src/Pluto/custom_msgs/install/custom_msgs/lib/libcustom_msgs__rosidl_typesupport_fastrtps_c.so
[4.430s] -- Set runtime path of "/home/docker/ros2_ws/src/Pluto/custom_msgs/install/custom_msgs/lib/libcustom_msgs__rosidl_typesupport_fastrtps_c.so" to ""
[4.430s] -- Up-to-date: /home/docker/ros2_ws/src/Pluto/custom_msgs/install/custom_msgs/include/custom_msgs/custom_msgs
[4.430s] -- Up-to-date: /home/docker/ros2_ws/src/Pluto/custom_msgs/install/custom_msgs/include/custom_msgs/custom_msgs/msg
[4.431s] -- Installing: /home/docker/ros2_ws/src/Pluto/custom_msgs/install/custom_msgs/include/custom_msgs/custom_msgs/msg/line_msg.hpp
[4.431s] -- Up-to-date: /home/docker/ros2_ws/src/Pluto/custom_msgs/install/custom_msgs/include/custom_msgs/custom_msgs/msg/detail
[4.431s] -- Installing: /home/docker/ros2_ws/src/Pluto/custom_msgs/install/custom_msgs/include/custom_msgs/custom_msgs/msg/detail/line_msg__builder.hpp
[4.431s] -- Installing: /home/docker/ros2_ws/src/Pluto/custom_msgs/install/custom_msgs/include/custom_msgs/custom_msgs/msg/detail/line_msg__struct.hpp
[4.431s] -- Installing: /home/docker/ros2_ws/src/Pluto/custom_msgs/install/custom_msgs/include/custom_msgs/custom_msgs/msg/detail/line_msg__traits.hpp
[4.431s] -- Up-to-date: /home/docker/ros2_ws/src/Pluto/custom_msgs/install/custom_msgs/include/custom_msgs/custom_msgs
[4.431s] -- Up-to-date: /home/docker/ros2_ws/src/Pluto/custom_msgs/install/custom_msgs/include/custom_msgs/custom_msgs/msg
[4.431s] -- Up-to-date: /home/docker/ros2_ws/src/Pluto/custom_msgs/install/custom_msgs/include/custom_msgs/custom_msgs/msg/detail
[4.431s] -- Installing: /home/docker/ros2_ws/src/Pluto/custom_msgs/install/custom_msgs/include/custom_msgs/custom_msgs/msg/detail/dds_fastrtps
[4.431s] -- Installing: /home/docker/ros2_ws/src/Pluto/custom_msgs/install/custom_msgs/include/custom_msgs/custom_msgs/msg/detail/line_msg__rosidl_typesupport_fastrtps_cpp.hpp
[4.431s] -- Installing: /home/docker/ros2_ws/src/Pluto/custom_msgs/install/custom_msgs/include/custom_msgs/custom_msgs/msg/rosidl_typesupport_fastrtps_cpp__visibility_control.h
[4.431s] -- Installing: /home/docker/ros2_ws/src/Pluto/custom_msgs/install/custom_msgs/lib/libcustom_msgs__rosidl_typesupport_fastrtps_cpp.so
[4.431s] -- Set runtime path of "/home/docker/ros2_ws/src/Pluto/custom_msgs/install/custom_msgs/lib/libcustom_msgs__rosidl_typesupport_fastrtps_cpp.so" to ""
[4.431s] -- Up-to-date: /home/docker/ros2_ws/src/Pluto/custom_msgs/install/custom_msgs/include/custom_msgs/custom_msgs
[4.432s] -- Up-to-date: /home/docker/ros2_ws/src/Pluto/custom_msgs/install/custom_msgs/include/custom_msgs/custom_msgs/msg
[4.432s] -- Up-to-date: /home/docker/ros2_ws/src/Pluto/custom_msgs/install/custom_msgs/include/custom_msgs/custom_msgs/msg/detail
[4.432s] -- Up-to-date: /home/docker/ros2_ws/src/Pluto/custom_msgs/install/custom_msgs/include/custom_msgs/custom_msgs/msg/detail/line_msg__type_support.c
[4.432s] -- Installing: /home/docker/ros2_ws/src/Pluto/custom_msgs/install/custom_msgs/include/custom_msgs/custom_msgs/msg/detail/line_msg__rosidl_typesupport_introspection_c.h
[4.432s] -- Installing: /home/docker/ros2_ws/src/Pluto/custom_msgs/install/custom_msgs/include/custom_msgs/custom_msgs/msg/rosidl_typesupport_introspection_c__visibility_control.h
[4.432s] -- Installing: /home/docker/ros2_ws/src/Pluto/custom_msgs/install/custom_msgs/lib/libcustom_msgs__rosidl_typesupport_introspection_c.so
[4.432s] -- Set runtime path of "/home/docker/ros2_ws/src/Pluto/custom_msgs/install/custom_msgs/lib/libcustom_msgs__rosidl_typesupport_introspection_c.so" to ""
[4.432s] -- Installing: /home/docker/ros2_ws/src/Pluto/custom_msgs/install/custom_msgs/lib/libcustom_msgs__rosidl_typesupport_c.so
[4.432s] -- Set runtime path of "/home/docker/ros2_ws/src/Pluto/custom_msgs/install/custom_msgs/lib/libcustom_msgs__rosidl_typesupport_c.so" to ""
[4.432s] -- Up-to-date: /home/docker/ros2_ws/src/Pluto/custom_msgs/install/custom_msgs/include/custom_msgs/custom_msgs
[4.433s] -- Up-to-date: /home/docker/ros2_ws/src/Pluto/custom_msgs/install/custom_msgs/include/custom_msgs/custom_msgs/msg
[4.433s] -- Up-to-date: /home/docker/ros2_ws/src/Pluto/custom_msgs/install/custom_msgs/include/custom_msgs/custom_msgs/msg/detail
[4.433s] -- Installing: /home/docker/ros2_ws/src/Pluto/custom_msgs/install/custom_msgs/include/custom_msgs/custom_msgs/msg/detail/line_msg__type_support.cpp
[4.433s] -- Installing: /home/docker/ros2_ws/src/Pluto/custom_msgs/install/custom_msgs/include/custom_msgs/custom_msgs/msg/detail/line_msg__rosidl_typesupport_introspection_cpp.hpp
[4.433s] -- Installing: /home/docker/ros2_ws/src/Pluto/custom_msgs/install/custom_msgs/lib/libcustom_msgs__rosidl_typesupport_introspection_cpp.so
[4.433s] -- Set runtime path of "/home/docker/ros2_ws/src/Pluto/custom_msgs/install/custom_msgs/lib/libcustom_msgs__rosidl_typesupport_introspection_cpp.so" to ""
[4.433s] -- Installing: /home/docker/ros2_ws/src/Pluto/custom_msgs/install/custom_msgs/lib/libcustom_msgs__rosidl_typesupport_cpp.so
[4.433s] -- Set runtime path of "/home/docker/ros2_ws/src/Pluto/custom_msgs/install/custom_msgs/lib/libcustom_msgs__rosidl_typesupport_cpp.so" to ""
[4.433s] -- Installing: /home/docker/ros2_ws/src/Pluto/custom_msgs/install/custom_msgs/share/custom_msgs/environment/pythonpath.sh
[4.433s] -- Installing: /home/docker/ros2_ws/src/Pluto/custom_msgs/install/custom_msgs/share/custom_msgs/environment/pythonpath.dsv
[4.433s] -- Installing: /home/docker/ros2_ws/src/Pluto/custom_msgs/install/custom_msgs/lib/python3.10/site-packages/custom_msgs-0.0.0-py3.10.egg-info
[4.433s] -- Installing: /home/docker/ros2_ws/src/Pluto/custom_msgs/install/custom_msgs/lib/python3.10/site-packages/custom_msgs-0.0.0-py3.10.egg-info/SOURCES.txt
[4.433s] -- Installing: /home/docker/ros2_ws/src/Pluto/custom_msgs/install/custom_msgs/lib/python3.10/site-packages/custom_msgs-0.0.0-py3.10.egg-info/dependency_links.txt
[4.433s] -- Installing: /home/docker/ros2_ws/src/Pluto/custom_msgs/install/custom_msgs/lib/python3.10/site-packages/custom_msgs-0.0.0-py3.10.egg-info/PKG-INFO
[4.433s] -- Installing: /home/docker/ros2_ws/src/Pluto/custom_msgs/install/custom_msgs/lib/python3.10/site-packages/custom_msgs-0.0.0-py3.10.egg-info/top_level.txt
[4.433s] -- Installing: /home/docker/ros2_ws/src/Pluto/custom_msgs/install/custom_msgs/lib/python3.10/site-packages/custom_msgs
[4.434s] -- Installing: /home/docker/ros2_ws/src/Pluto/custom_msgs/install/custom_msgs/lib/python3.10/site-packages/custom_msgs/custom_msgs_s__rosidl_typesupport_fastrtps_c.cpython-310-x86_64-linux-gnu.so
[4.434s] -- Installing: /home/docker/ros2_ws/src/Pluto/custom_msgs/install/custom_msgs/lib/python3.10/site-packages/custom_msgs/custom_msgs_s__rosidl_typesupport_c.cpython-310-x86_64-linux-gnu.so
[4.434s] -- Installing: /home/docker/ros2_ws/src/Pluto/custom_msgs/install/custom_msgs/lib/python3.10/site-packages/custom_msgs/libcustom_msgs__rosidl_generator_py.so
[4.434s] -- Installing: /home/docker/ros2_ws/src/Pluto/custom_msgs/install/custom_msgs/lib/python3.10/site-packages/custom_msgs/_custom_msgs_s.ep.rosidl_typesupport_fastrtps_c.c
[4.434s] -- Installing: /home/docker/ros2_ws/src/Pluto/custom_msgs/install/custom_msgs/lib/python3.10/site-packages/custom_msgs/_custom_msgs_s.ep.rosidl_typesupport_c.c
[4.434s] -- Installing: /home/docker/ros2_ws/src/Pluto/custom_msgs/install/custom_msgs/lib/python3.10/site-packages/custom_msgs/__init__.py
[4.434s] -- Installing: /home/docker/ros2_ws/src/Pluto/custom_msgs/install/custom_msgs/lib/python3.10/site-packages/custom_msgs/_custom_msgs_s.ep.rosidl_typesupport_introspection_c.c
[4.434s] -- Installing: /home/docker/ros2_ws/src/Pluto/custom_msgs/install/custom_msgs/lib/python3.10/site-packages/custom_msgs/custom_msgs_s__rosidl_typesupport_introspection_c.cpython-310-x86_64-linux-gnu.so
[4.434s] -- Installing: /home/docker/ros2_ws/src/Pluto/custom_msgs/install/custom_msgs/lib/python3.10/site-packages/custom_msgs/msg
[4.434s] -- Installing: /home/docker/ros2_ws/src/Pluto/custom_msgs/install/custom_msgs/lib/python3.10/site-packages/custom_msgs/msg/_line_msg.py
[4.434s] -- Installing: /home/docker/ros2_ws/src/Pluto/custom_msgs/install/custom_msgs/lib/python3.10/site-packages/custom_msgs/msg/__init__.py
[4.434s] -- Installing: /home/docker/ros2_ws/src/Pluto/custom_msgs/install/custom_msgs/lib/python3.10/site-packages/custom_msgs/msg/_line_msg_s.c
[4.465s] Listing '/home/docker/ros2_ws/src/Pluto/custom_msgs/install/custom_msgs/lib/python3.10/site-packages/custom_msgs'...
[4.465s] Compiling '/home/docker/ros2_ws/src/Pluto/custom_msgs/install/custom_msgs/lib/python3.10/site-packages/custom_msgs/__init__.py'...
[4.465s] Listing '/home/docker/ros2_ws/src/Pluto/custom_msgs/install/custom_msgs/lib/python3.10/site-packages/custom_msgs/msg'...
[4.465s] Compiling '/home/docker/ros2_ws/src/Pluto/custom_msgs/install/custom_msgs/lib/python3.10/site-packages/custom_msgs/msg/__init__.py'...
[4.465s] Compiling '/home/docker/ros2_ws/src/Pluto/custom_msgs/install/custom_msgs/lib/python3.10/site-packages/custom_msgs/msg/_line_msg.py'...
[4.468s] -- Installing: /home/docker/ros2_ws/src/Pluto/custom_msgs/install/custom_msgs/lib/python3.10/site-packages/custom_msgs/custom_msgs_s__rosidl_typesupport_fastrtps_c.cpython-310-x86_64-linux-gnu.so
[4.468s] -- Set runtime path of "/home/docker/ros2_ws/src/Pluto/custom_msgs/install/custom_msgs/lib/python3.10/site-packages/custom_msgs/custom_msgs_s__rosidl_typesupport_fastrtps_c.cpython-310-x86_64-linux-gnu.so" to ""
[4.468s] -- Installing: /home/docker/ros2_ws/src/Pluto/custom_msgs/install/custom_msgs/lib/python3.10/site-packages/custom_msgs/custom_msgs_s__rosidl_typesupport_introspection_c.cpython-310-x86_64-linux-gnu.so
[4.468s] -- Set runtime path of "/home/docker/ros2_ws/src/Pluto/custom_msgs/install/custom_msgs/lib/python3.10/site-packages/custom_msgs/custom_msgs_s__rosidl_typesupport_introspection_c.cpython-310-x86_64-linux-gnu.so" to ""
[4.469s] -- Installing: /home/docker/ros2_ws/src/Pluto/custom_msgs/install/custom_msgs/lib/python3.10/site-packages/custom_msgs/custom_msgs_s__rosidl_typesupport_c.cpython-310-x86_64-linux-gnu.so
[4.469s] -- Set runtime path of "/home/docker/ros2_ws/src/Pluto/custom_msgs/install/custom_msgs/lib/python3.10/site-packages/custom_msgs/custom_msgs_s__rosidl_typesupport_c.cpython-310-x86_64-linux-gnu.so" to ""
[4.469s] -- Installing: /home/docker/ros2_ws/src/Pluto/custom_msgs/install/custom_msgs/lib/libcustom_msgs__rosidl_generator_py.so
[4.469s] -- Set runtime path of "/home/docker/ros2_ws/src/Pluto/custom_msgs/install/custom_msgs/lib/libcustom_msgs__rosidl_generator_py.so" to ""
[4.469s] -- Installing: /home/docker/ros2_ws/src/Pluto/custom_msgs/install/custom_msgs/share/custom_msgs/msg/LineMsg.idl
[4.469s] -- Installing: /home/docker/ros2_ws/src/Pluto/custom_msgs/install/custom_msgs/share/custom_msgs/msg/LineMsg.msg
[4.469s] -- Installing: /home/docker/ros2_ws/src/Pluto/custom_msgs/install/custom_msgs/share/ament_index/resource_index/package_run_dependencies/custom_msgs
[4.469s] -- Installing: /home/docker/ros2_ws/src/Pluto/custom_msgs/install/custom_msgs/share/ament_index/resource_index/parent_prefix_path/custom_msgs
[4.470s] -- Installing: /home/docker/ros2_ws/src/Pluto/custom_msgs/install/custom_msgs/share/custom_msgs/environment/ament_prefix_path.sh
[4.470s] -- Installing: /home/docker/ros2_ws/src/Pluto/custom_msgs/install/custom_msgs/share/custom_msgs/environment/ament_prefix_path.dsv
[4.470s] -- Installing: /home/docker/ros2_ws/src/Pluto/custom_msgs/install/custom_msgs/share/custom_msgs/environment/path.sh
[4.470s] -- Installing: /home/docker/ros2_ws/src/Pluto/custom_msgs/install/custom_msgs/share/custom_msgs/environment/path.dsv
[4.470s] -- Installing: /home/docker/ros2_ws/src/Pluto/custom_msgs/install/custom_msgs/share/custom_msgs/local_setup.bash
[4.470s] -- Installing: /home/docker/ros2_ws/src/Pluto/custom_msgs/install/custom_msgs/share/custom_msgs/local_setup.sh
[4.470s] -- Installing: /home/docker/ros2_ws/src/Pluto/custom_msgs/install/custom_msgs/share/custom_msgs/local_setup.zsh
[4.470s] -- Installing: /home/docker/ros2_ws/src/Pluto/custom_msgs/install/custom_msgs/share/custom_msgs/local_setup.dsv
[4.470s] -- Installing: /home/docker/ros2_ws/src/Pluto/custom_msgs/install/custom_msgs/share/custom_msgs/package.dsv
[4.470s] -- Installing: /home/docker/ros2_ws/src/Pluto/custom_msgs/install/custom_msgs/share/ament_index/resource_index/packages/custom_msgs
[4.470s] -- Installing: /home/docker/ros2_ws/src/Pluto/custom_msgs/install/custom_msgs/share/custom_msgs/cmake/export_custom_msgs__rosidl_generator_cExport.cmake
[4.470s] -- Installing: /home/docker/ros2_ws/src/Pluto/custom_msgs/install/custom_msgs/share/custom_msgs/cmake/export_custom_msgs__rosidl_generator_cExport-noconfig.cmake
[4.470s] -- Installing: /home/docker/ros2_ws/src/Pluto/custom_msgs/install/custom_msgs/share/custom_msgs/cmake/export_custom_msgs__rosidl_typesupport_fastrtps_cExport.cmake
[4.470s] -- Installing: /home/docker/ros2_ws/src/Pluto/custom_msgs/install/custom_msgs/share/custom_msgs/cmake/export_custom_msgs__rosidl_typesupport_fastrtps_cExport-noconfig.cmake
[4.470s] -- Installing: /home/docker/ros2_ws/src/Pluto/custom_msgs/install/custom_msgs/share/custom_msgs/cmake/export_custom_msgs__rosidl_generator_cppExport.cmake
[4.471s] -- Installing: /home/docker/ros2_ws/src/Pluto/custom_msgs/install/custom_msgs/share/custom_msgs/cmake/export_custom_msgs__rosidl_typesupport_fastrtps_cppExport.cmake
[4.471s] -- Installing: /home/docker/ros2_ws/src/Pluto/custom_msgs/install/custom_msgs/share/custom_msgs/cmake/export_custom_msgs__rosidl_typesupport_fastrtps_cppExport-noconfig.cmake
[4.471s] -- Installing: /home/docker/ros2_ws/src/Pluto/custom_msgs/install/custom_msgs/share/custom_msgs/cmake/custom_msgs__rosidl_typesupport_introspection_cExport.cmake
[4.471s] -- Installing: /home/docker/ros2_ws/src/Pluto/custom_msgs/install/custom_msgs/share/custom_msgs/cmake/custom_msgs__rosidl_typesupport_introspection_cExport-noconfig.cmake
[4.471s] -- Installing: /home/docker/ros2_ws/src/Pluto/custom_msgs/install/custom_msgs/share/custom_msgs/cmake/custom_msgs__rosidl_typesupport_cExport.cmake
[4.471s] -- Installing: /home/docker/ros2_ws/src/Pluto/custom_msgs/install/custom_msgs/share/custom_msgs/cmake/custom_msgs__rosidl_typesupport_cExport-noconfig.cmake
[4.471s] -- Installing: /home/docker/ros2_ws/src/Pluto/custom_msgs/install/custom_msgs/share/custom_msgs/cmake/custom_msgs__rosidl_typesupport_introspection_cppExport.cmake
[4.471s] -- Installing: /home/docker/ros2_ws/src/Pluto/custom_msgs/install/custom_msgs/share/custom_msgs/cmake/custom_msgs__rosidl_typesupport_introspection_cppExport-noconfig.cmake
[4.471s] -- Installing: /home/docker/ros2_ws/src/Pluto/custom_msgs/install/custom_msgs/share/custom_msgs/cmake/custom_msgs__rosidl_typesupport_cppExport.cmake
[4.471s] -- Installing: /home/docker/ros2_ws/src/Pluto/custom_msgs/install/custom_msgs/share/custom_msgs/cmake/custom_msgs__rosidl_typesupport_cppExport-noconfig.cmake
[4.471s] -- Installing: /home/docker/ros2_ws/src/Pluto/custom_msgs/install/custom_msgs/share/custom_msgs/cmake/export_custom_msgs__rosidl_generator_pyExport.cmake
[4.471s] -- Installing: /home/docker/ros2_ws/src/Pluto/custom_msgs/install/custom_msgs/share/custom_msgs/cmake/export_custom_msgs__rosidl_generator_pyExport-noconfig.cmake
[4.471s] -- Installing: /home/docker/ros2_ws/src/Pluto/custom_msgs/install/custom_msgs/share/custom_msgs/cmake/rosidl_cmake-extras.cmake
[4.471s] -- Installing: /home/docker/ros2_ws/src/Pluto/custom_msgs/install/custom_msgs/share/custom_msgs/cmake/ament_cmake_export_dependencies-extras.cmake
[4.471s] -- Installing: /home/docker/ros2_ws/src/Pluto/custom_msgs/install/custom_msgs/share/custom_msgs/cmake/ament_cmake_export_include_directories-extras.cmake
[4.471s] -- Installing: /home/docker/ros2_ws/src/Pluto/custom_msgs/install/custom_msgs/share/custom_msgs/cmake/ament_cmake_export_libraries-extras.cmake
[4.472s] -- Installing: /home/docker/ros2_ws/src/Pluto/custom_msgs/install/custom_msgs/share/custom_msgs/cmake/ament_cmake_export_targets-extras.cmake
[4.472s] -- Installing: /home/docker/ros2_ws/src/Pluto/custom_msgs/install/custom_msgs/share/custom_msgs/cmake/rosidl_cmake_export_typesupport_targets-extras.cmake
[4.472s] -- Installing: /home/docker/ros2_ws/src/Pluto/custom_msgs/install/custom_msgs/share/custom_msgs/cmake/rosidl_cmake_export_typesupport_libraries-extras.cmake
[4.472s] -- Installing: /home/docker/ros2_ws/src/Pluto/custom_msgs/install/custom_msgs/share/custom_msgs/cmake/custom_msgsConfig.cmake
[4.472s] -- Installing: /home/docker/ros2_ws/src/Pluto/custom_msgs/install/custom_msgs/share/custom_msgs/cmake/custom_msgsConfig-version.cmake
[4.472s] -- Installing: /home/docker/ros2_ws/src/Pluto/custom_msgs/install/custom_msgs/share/custom_msgs/package.xml
[4.474s] Invoked command in '/home/docker/ros2_ws/src/Pluto/custom_msgs/build/custom_msgs' returned '0': CMAKE_PREFIX_PATH=${CMAKE_PREFIX_PATH}:/home/docker/ros2_ws/install/yolov5_ros:/home/docker/ros2_ws/install/splunk_logger:/home/docker/ros2_ws/install/simulation_to_reality_converter:/home/docker/ros2_ws/install/select_area:/home/docker/ros2_ws/install/realsense_camera:/home/docker/ros2_ws/install/pluto_launch:/home/docker/ros2_ws/install/odometry_calculation:/home/docker/ros2_ws/install/nmea_navsat_driver:/home/docker/ros2_ws/install/navigate_by_pose:/home/docker/ros2_ws/install/maestro_controller:/home/docker/ros2_ws/install/image_filter:/home/docker/ros2_ws/install/gps_velocity:/home/docker/ros2_ws/install/gps_filter:/home/docker/ros2_ws/install/fishbot_description:/home/docker/ros2_ws/install/fake_gps_publisher:/home/docker/ros2_ws/install/customize_local_planner:/home/docker/ros2_ws/install/controller:/home/docker/ros2_ws/install/compass:/home/docker/ros2_ws/install/arduino_controller:/opt/ros/iron /usr/bin/cmake --install /home/docker/ros2_ws/src/Pluto/custom_msgs/build/custom_msgs
