[0.093s] DEBUG:colcon:Command line arguments: ['/usr/bin/colcon', 'build', '--packages-select', 'custom_msgs']
[0.093s] DEBUG:colcon:Parsed command line arguments: Namespace(log_base=None, log_level=None, verb_name='build', build_base='build', install_base='install', merge_install=False, symlink_install=False, test_result_base=None, continue_on_error=False, executor='parallel', parallel_workers=8, event_handlers=None, ignore_user_meta=False, metas=['./colcon.meta'], base_paths=['.'], packages_ignore=None, packages_ignore_regex=None, paths=None, packages_up_to=None, packages_up_to_regex=None, packages_above=None, packages_above_and_dependencies=None, packages_above_depth=None, packages_select_by_dep=None, packages_skip_by_dep=None, packages_skip_up_to=None, packages_select_build_failed=False, packages_skip_build_finished=False, packages_select_test_failures=False, packages_skip_test_passed=False, packages_select=['custom_msgs'], packages_skip=None, packages_select_regex=None, packages_skip_regex=None, packages_start=None, packages_end=None, cmake_args=None, cmake_target=None, cmake_target_skip_unavailable=False, cmake_clean_cache=False, cmake_clean_first=False, cmake_force_configure=False, ament_cmake_args=None, catkin_cmake_args=None, catkin_skip_building_tests=False, mixin_files=None, mixin=None, verb_parser=<colcon_mixin.mixin.mixin_argument.MixinArgumentDecorator object at 0x7f5c7faa07c0>, verb_extension=<colcon_core.verb.build.BuildVerb object at 0x7f5c7fc19ff0>, main=<bound method BuildVerb.main of <colcon_core.verb.build.BuildVerb object at 0x7f5c7fc19ff0>>, mixin_verb=('build',))
[0.226s] Level 1:colcon.colcon_core.package_discovery:discover_packages(colcon_meta) check parameters
[0.226s] INFO:colcon.colcon_metadata.package_discovery.colcon_meta:Using configuration from '/root/.colcon/metadata/default/Gazebo.meta'
[0.227s] INFO:colcon.colcon_metadata.package_discovery.colcon_meta:Using configuration from '/root/.colcon/metadata/default/fastrtps.meta'
[0.227s] Level 1:colcon.colcon_core.package_discovery:discover_packages(recursive) check parameters
[0.227s] Level 1:colcon.colcon_core.package_discovery:discover_packages(ignore) check parameters
[0.227s] Level 1:colcon.colcon_core.package_discovery:discover_packages(path) check parameters
[0.227s] Level 1:colcon.colcon_core.package_discovery:discover_packages(colcon_meta) discover
[0.227s] Level 1:colcon.colcon_core.package_discovery:discover_packages(recursive) discover
[0.227s] INFO:colcon.colcon_core.package_discovery:Crawling recursively for packages in '/home/docker/ros2_ws/src/Pluto/custom_msgs'
[0.227s] Level 1:colcon.colcon_core.package_identification:_identify(.) by extensions ['ignore', 'ignore_ament_install']
[0.227s] Level 1:colcon.colcon_core.package_identification:_identify(.) by extension 'ignore'
[0.227s] Level 1:colcon.colcon_core.package_identification:_identify(.) by extension 'ignore_ament_install'
[0.227s] Level 1:colcon.colcon_core.package_identification:_identify(.) by extensions ['colcon_pkg']
[0.227s] Level 1:colcon.colcon_core.package_identification:_identify(.) by extension 'colcon_pkg'
[0.227s] Level 1:colcon.colcon_core.package_identification:_identify(.) by extensions ['colcon_meta']
[0.227s] Level 1:colcon.colcon_core.package_identification:_identify(.) by extension 'colcon_meta'
[0.227s] Level 1:colcon.colcon_core.package_identification:_identify(.) by extensions ['ros']
[0.227s] Level 1:colcon.colcon_core.package_identification:_identify(.) by extension 'ros'
[0.246s] DEBUG:colcon.colcon_core.package_identification:Package '.' with type 'ros.ament_cmake' and name 'custom_msgs'
[0.246s] Level 1:colcon.colcon_core.package_discovery:discover_packages(recursive) using defaults
[0.246s] Level 1:colcon.colcon_core.package_discovery:discover_packages(ignore) discover
[0.246s] Level 1:colcon.colcon_core.package_discovery:discover_packages(ignore) using defaults
[0.246s] Level 1:colcon.colcon_core.package_discovery:discover_packages(path) discover
[0.246s] Level 1:colcon.colcon_core.package_discovery:discover_packages(path) using defaults
[0.260s] Level 5:colcon.colcon_core.verb:set package 'custom_msgs' build argument 'cmake_args' from command line to 'None'
[0.260s] Level 5:colcon.colcon_core.verb:set package 'custom_msgs' build argument 'cmake_target' from command line to 'None'
[0.260s] Level 5:colcon.colcon_core.verb:set package 'custom_msgs' build argument 'cmake_target_skip_unavailable' from command line to 'False'
[0.260s] Level 5:colcon.colcon_core.verb:set package 'custom_msgs' build argument 'cmake_clean_cache' from command line to 'False'
[0.260s] Level 5:colcon.colcon_core.verb:set package 'custom_msgs' build argument 'cmake_clean_first' from command line to 'False'
[0.260s] Level 5:colcon.colcon_core.verb:set package 'custom_msgs' build argument 'cmake_force_configure' from command line to 'False'
[0.260s] Level 5:colcon.colcon_core.verb:set package 'custom_msgs' build argument 'ament_cmake_args' from command line to 'None'
[0.260s] Level 5:colcon.colcon_core.verb:set package 'custom_msgs' build argument 'catkin_cmake_args' from command line to 'None'
[0.260s] Level 5:colcon.colcon_core.verb:set package 'custom_msgs' build argument 'catkin_skip_building_tests' from command line to 'False'
[0.260s] DEBUG:colcon.colcon_core.verb:Building package 'custom_msgs' with the following arguments: {'ament_cmake_args': None, 'build_base': '/home/docker/ros2_ws/src/Pluto/custom_msgs/build/custom_msgs', 'catkin_cmake_args': None, 'catkin_skip_building_tests': False, 'cmake_args': None, 'cmake_clean_cache': False, 'cmake_clean_first': False, 'cmake_force_configure': False, 'cmake_target': None, 'cmake_target_skip_unavailable': False, 'install_base': '/home/docker/ros2_ws/src/Pluto/custom_msgs/install/custom_msgs', 'merge_install': False, 'path': '/home/docker/ros2_ws/src/Pluto/custom_msgs', 'symlink_install': False, 'test_result_base': None}
[0.260s] INFO:colcon.colcon_core.executor:Executing jobs using 'parallel' executor
[0.260s] DEBUG:colcon.colcon_parallel_executor.executor.parallel:run_until_complete
[0.261s] INFO:colcon.colcon_ros.task.ament_cmake.build:Building ROS package in '/home/docker/ros2_ws/src/Pluto/custom_msgs' with build type 'ament_cmake'
[0.261s] INFO:colcon.colcon_cmake.task.cmake.build:Building CMake package in '/home/docker/ros2_ws/src/Pluto/custom_msgs'
[0.262s] INFO:colcon.colcon_core.plugin_system:Skipping extension 'colcon_core.shell.bat': Not used on non-Windows systems
[0.262s] INFO:colcon.colcon_core.shell:Skip shell extension 'powershell' for command environment: Not usable outside of PowerShell
[0.262s] DEBUG:colcon.colcon_core.shell:Skip shell extension 'dsv' for command environment
[0.272s] DEBUG:colcon.colcon_core.event_handler.log_command:Invoking command in '/home/docker/ros2_ws/src/Pluto/custom_msgs/build/custom_msgs': CMAKE_PREFIX_PATH=${CMAKE_PREFIX_PATH}:/home/docker/ros2_ws/install/yolov5_ros:/home/docker/ros2_ws/install/splunk_logger:/home/docker/ros2_ws/install/simulation_to_reality_converter:/home/docker/ros2_ws/install/select_area:/home/docker/ros2_ws/install/realsense_camera:/home/docker/ros2_ws/install/pluto_launch:/home/docker/ros2_ws/install/odometry_calculation:/home/docker/ros2_ws/install/nmea_navsat_driver:/home/docker/ros2_ws/install/navigate_by_pose:/home/docker/ros2_ws/install/maestro_controller:/home/docker/ros2_ws/install/image_filter:/home/docker/ros2_ws/install/gps_velocity:/home/docker/ros2_ws/install/gps_filter:/home/docker/ros2_ws/install/fishbot_description:/home/docker/ros2_ws/install/fake_gps_publisher:/home/docker/ros2_ws/install/customize_local_planner:/home/docker/ros2_ws/install/controller:/home/docker/ros2_ws/install/compass:/home/docker/ros2_ws/install/arduino_controller:/opt/ros/iron /usr/bin/cmake /home/docker/ros2_ws/src/Pluto/custom_msgs -DCMAKE_INSTALL_PREFIX=/home/docker/ros2_ws/src/Pluto/custom_msgs/install/custom_msgs
[2.421s] DEBUG:colcon.colcon_core.event_handler.log_command:Invoked command in '/home/docker/ros2_ws/src/Pluto/custom_msgs/build/custom_msgs' returned '0': CMAKE_PREFIX_PATH=${CMAKE_PREFIX_PATH}:/home/docker/ros2_ws/install/yolov5_ros:/home/docker/ros2_ws/install/splunk_logger:/home/docker/ros2_ws/install/simulation_to_reality_converter:/home/docker/ros2_ws/install/select_area:/home/docker/ros2_ws/install/realsense_camera:/home/docker/ros2_ws/install/pluto_launch:/home/docker/ros2_ws/install/odometry_calculation:/home/docker/ros2_ws/install/nmea_navsat_driver:/home/docker/ros2_ws/install/navigate_by_pose:/home/docker/ros2_ws/install/maestro_controller:/home/docker/ros2_ws/install/image_filter:/home/docker/ros2_ws/install/gps_velocity:/home/docker/ros2_ws/install/gps_filter:/home/docker/ros2_ws/install/fishbot_description:/home/docker/ros2_ws/install/fake_gps_publisher:/home/docker/ros2_ws/install/customize_local_planner:/home/docker/ros2_ws/install/controller:/home/docker/ros2_ws/install/compass:/home/docker/ros2_ws/install/arduino_controller:/opt/ros/iron /usr/bin/cmake /home/docker/ros2_ws/src/Pluto/custom_msgs -DCMAKE_INSTALL_PREFIX=/home/docker/ros2_ws/src/Pluto/custom_msgs/install/custom_msgs
[2.423s] DEBUG:colcon.colcon_core.event_handler.log_command:Invoking command in '/home/docker/ros2_ws/src/Pluto/custom_msgs/build/custom_msgs': CMAKE_PREFIX_PATH=${CMAKE_PREFIX_PATH}:/home/docker/ros2_ws/install/yolov5_ros:/home/docker/ros2_ws/install/splunk_logger:/home/docker/ros2_ws/install/simulation_to_reality_converter:/home/docker/ros2_ws/install/select_area:/home/docker/ros2_ws/install/realsense_camera:/home/docker/ros2_ws/install/pluto_launch:/home/docker/ros2_ws/install/odometry_calculation:/home/docker/ros2_ws/install/nmea_navsat_driver:/home/docker/ros2_ws/install/navigate_by_pose:/home/docker/ros2_ws/install/maestro_controller:/home/docker/ros2_ws/install/image_filter:/home/docker/ros2_ws/install/gps_velocity:/home/docker/ros2_ws/install/gps_filter:/home/docker/ros2_ws/install/fishbot_description:/home/docker/ros2_ws/install/fake_gps_publisher:/home/docker/ros2_ws/install/customize_local_planner:/home/docker/ros2_ws/install/controller:/home/docker/ros2_ws/install/compass:/home/docker/ros2_ws/install/arduino_controller:/opt/ros/iron /usr/bin/cmake --build /home/docker/ros2_ws/src/Pluto/custom_msgs/build/custom_msgs -- -j8 -l8
[4.566s] DEBUG:colcon.colcon_core.event_handler.log_command:Invoked command in '/home/docker/ros2_ws/src/Pluto/custom_msgs/build/custom_msgs' returned '0': CMAKE_PREFIX_PATH=${CMAKE_PREFIX_PATH}:/home/docker/ros2_ws/install/yolov5_ros:/home/docker/ros2_ws/install/splunk_logger:/home/docker/ros2_ws/install/simulation_to_reality_converter:/home/docker/ros2_ws/install/select_area:/home/docker/ros2_ws/install/realsense_camera:/home/docker/ros2_ws/install/pluto_launch:/home/docker/ros2_ws/install/odometry_calculation:/home/docker/ros2_ws/install/nmea_navsat_driver:/home/docker/ros2_ws/install/navigate_by_pose:/home/docker/ros2_ws/install/maestro_controller:/home/docker/ros2_ws/install/image_filter:/home/docker/ros2_ws/install/gps_velocity:/home/docker/ros2_ws/install/gps_filter:/home/docker/ros2_ws/install/fishbot_description:/home/docker/ros2_ws/install/fake_gps_publisher:/home/docker/ros2_ws/install/customize_local_planner:/home/docker/ros2_ws/install/controller:/home/docker/ros2_ws/install/compass:/home/docker/ros2_ws/install/arduino_controller:/opt/ros/iron /usr/bin/cmake --build /home/docker/ros2_ws/src/Pluto/custom_msgs/build/custom_msgs -- -j8 -l8
[4.680s] DEBUG:colcon.colcon_core.event_handler.log_command:Invoking command in '/home/docker/ros2_ws/src/Pluto/custom_msgs/build/custom_msgs': CMAKE_PREFIX_PATH=${CMAKE_PREFIX_PATH}:/home/docker/ros2_ws/install/yolov5_ros:/home/docker/ros2_ws/install/splunk_logger:/home/docker/ros2_ws/install/simulation_to_reality_converter:/home/docker/ros2_ws/install/select_area:/home/docker/ros2_ws/install/realsense_camera:/home/docker/ros2_ws/install/pluto_launch:/home/docker/ros2_ws/install/odometry_calculation:/home/docker/ros2_ws/install/nmea_navsat_driver:/home/docker/ros2_ws/install/navigate_by_pose:/home/docker/ros2_ws/install/maestro_controller:/home/docker/ros2_ws/install/image_filter:/home/docker/ros2_ws/install/gps_velocity:/home/docker/ros2_ws/install/gps_filter:/home/docker/ros2_ws/install/fishbot_description:/home/docker/ros2_ws/install/fake_gps_publisher:/home/docker/ros2_ws/install/customize_local_planner:/home/docker/ros2_ws/install/controller:/home/docker/ros2_ws/install/compass:/home/docker/ros2_ws/install/arduino_controller:/opt/ros/iron /usr/bin/cmake --install /home/docker/ros2_ws/src/Pluto/custom_msgs/build/custom_msgs
[4.735s] Level 1:colcon.colcon_core.environment:create_environment_scripts_only(custom_msgs)
[4.735s] DEBUG:colcon.colcon_core.event_handler.log_command:Invoked command in '/home/docker/ros2_ws/src/Pluto/custom_msgs/build/custom_msgs' returned '0': CMAKE_PREFIX_PATH=${CMAKE_PREFIX_PATH}:/home/docker/ros2_ws/install/yolov5_ros:/home/docker/ros2_ws/install/splunk_logger:/home/docker/ros2_ws/install/simulation_to_reality_converter:/home/docker/ros2_ws/install/select_area:/home/docker/ros2_ws/install/realsense_camera:/home/docker/ros2_ws/install/pluto_launch:/home/docker/ros2_ws/install/odometry_calculation:/home/docker/ros2_ws/install/nmea_navsat_driver:/home/docker/ros2_ws/install/navigate_by_pose:/home/docker/ros2_ws/install/maestro_controller:/home/docker/ros2_ws/install/image_filter:/home/docker/ros2_ws/install/gps_velocity:/home/docker/ros2_ws/install/gps_filter:/home/docker/ros2_ws/install/fishbot_description:/home/docker/ros2_ws/install/fake_gps_publisher:/home/docker/ros2_ws/install/customize_local_planner:/home/docker/ros2_ws/install/controller:/home/docker/ros2_ws/install/compass:/home/docker/ros2_ws/install/arduino_controller:/opt/ros/iron /usr/bin/cmake --install /home/docker/ros2_ws/src/Pluto/custom_msgs/build/custom_msgs
[4.738s] Level 1:colcon.colcon_core.environment:checking '/home/docker/ros2_ws/src/Pluto/custom_msgs/install/custom_msgs' for CMake module files
[4.738s] Level 1:colcon.colcon_core.environment:checking '/home/docker/ros2_ws/src/Pluto/custom_msgs/install/custom_msgs' for CMake config files
[4.739s] Level 1:colcon.colcon_core.shell:create_environment_hook('custom_msgs', 'cmake_prefix_path')
[4.739s] INFO:colcon.colcon_core.shell:Creating environment hook '/home/docker/ros2_ws/src/Pluto/custom_msgs/install/custom_msgs/share/custom_msgs/hook/cmake_prefix_path.ps1'
[4.739s] INFO:colcon.colcon_core.shell:Creating environment descriptor '/home/docker/ros2_ws/src/Pluto/custom_msgs/install/custom_msgs/share/custom_msgs/hook/cmake_prefix_path.dsv'
[4.740s] INFO:colcon.colcon_core.shell:Creating environment hook '/home/docker/ros2_ws/src/Pluto/custom_msgs/install/custom_msgs/share/custom_msgs/hook/cmake_prefix_path.sh'
[4.740s] Level 1:colcon.colcon_core.environment:checking '/home/docker/ros2_ws/src/Pluto/custom_msgs/install/custom_msgs/lib'
[4.740s] Level 1:colcon.colcon_core.shell:create_environment_hook('custom_msgs', 'ld_library_path_lib')
[4.740s] INFO:colcon.colcon_core.shell:Creating environment hook '/home/docker/ros2_ws/src/Pluto/custom_msgs/install/custom_msgs/share/custom_msgs/hook/ld_library_path_lib.ps1'
[4.741s] INFO:colcon.colcon_core.shell:Creating environment descriptor '/home/docker/ros2_ws/src/Pluto/custom_msgs/install/custom_msgs/share/custom_msgs/hook/ld_library_path_lib.dsv'
[4.741s] INFO:colcon.colcon_core.shell:Creating environment hook '/home/docker/ros2_ws/src/Pluto/custom_msgs/install/custom_msgs/share/custom_msgs/hook/ld_library_path_lib.sh'
[4.741s] Level 1:colcon.colcon_core.environment:checking '/home/docker/ros2_ws/src/Pluto/custom_msgs/install/custom_msgs/bin'
[4.741s] Level 1:colcon.colcon_core.environment:checking '/home/docker/ros2_ws/src/Pluto/custom_msgs/install/custom_msgs/lib/pkgconfig/custom_msgs.pc'
[4.742s] Level 1:colcon.colcon_core.environment:checking '/home/docker/ros2_ws/src/Pluto/custom_msgs/install/custom_msgs/lib/python3.10/site-packages'
[4.742s] Level 1:colcon.colcon_core.shell:create_environment_hook('custom_msgs', 'pythonpath')
[4.742s] INFO:colcon.colcon_core.shell:Creating environment hook '/home/docker/ros2_ws/src/Pluto/custom_msgs/install/custom_msgs/share/custom_msgs/hook/pythonpath.ps1'
[4.743s] INFO:colcon.colcon_core.shell:Creating environment descriptor '/home/docker/ros2_ws/src/Pluto/custom_msgs/install/custom_msgs/share/custom_msgs/hook/pythonpath.dsv'
[4.743s] INFO:colcon.colcon_core.shell:Creating environment hook '/home/docker/ros2_ws/src/Pluto/custom_msgs/install/custom_msgs/share/custom_msgs/hook/pythonpath.sh'
[4.743s] Level 1:colcon.colcon_core.environment:checking '/home/docker/ros2_ws/src/Pluto/custom_msgs/install/custom_msgs/bin'
[4.743s] INFO:colcon.colcon_core.shell:Creating package script '/home/docker/ros2_ws/src/Pluto/custom_msgs/install/custom_msgs/share/custom_msgs/package.ps1'
[4.744s] INFO:colcon.colcon_core.shell:Creating package descriptor '/home/docker/ros2_ws/src/Pluto/custom_msgs/install/custom_msgs/share/custom_msgs/package.dsv'
[4.744s] INFO:colcon.colcon_core.shell:Creating package script '/home/docker/ros2_ws/src/Pluto/custom_msgs/install/custom_msgs/share/custom_msgs/package.sh'
[4.744s] INFO:colcon.colcon_core.shell:Creating package script '/home/docker/ros2_ws/src/Pluto/custom_msgs/install/custom_msgs/share/custom_msgs/package.bash'
[4.745s] INFO:colcon.colcon_core.shell:Creating package script '/home/docker/ros2_ws/src/Pluto/custom_msgs/install/custom_msgs/share/custom_msgs/package.zsh'
[4.745s] Level 1:colcon.colcon_core.environment:create_file_with_runtime_dependencies(/home/docker/ros2_ws/src/Pluto/custom_msgs/install/custom_msgs/share/colcon-core/packages/custom_msgs)
[4.831s] Level 1:colcon.colcon_core.environment:create_environment_scripts_only(custom_msgs)
[4.831s] Level 1:colcon.colcon_core.environment:checking '/home/docker/ros2_ws/src/Pluto/custom_msgs/install/custom_msgs' for CMake module files
[4.831s] Level 1:colcon.colcon_core.environment:checking '/home/docker/ros2_ws/src/Pluto/custom_msgs/install/custom_msgs' for CMake config files
[4.832s] Level 1:colcon.colcon_core.shell:create_environment_hook('custom_msgs', 'cmake_prefix_path')
[4.832s] INFO:colcon.colcon_core.shell:Creating environment hook '/home/docker/ros2_ws/src/Pluto/custom_msgs/install/custom_msgs/share/custom_msgs/hook/cmake_prefix_path.ps1'
[4.832s] INFO:colcon.colcon_core.shell:Creating environment descriptor '/home/docker/ros2_ws/src/Pluto/custom_msgs/install/custom_msgs/share/custom_msgs/hook/cmake_prefix_path.dsv'
[4.832s] INFO:colcon.colcon_core.shell:Creating environment hook '/home/docker/ros2_ws/src/Pluto/custom_msgs/install/custom_msgs/share/custom_msgs/hook/cmake_prefix_path.sh'
[4.833s] Level 1:colcon.colcon_core.environment:checking '/home/docker/ros2_ws/src/Pluto/custom_msgs/install/custom_msgs/lib'
[4.833s] Level 1:colcon.colcon_core.shell:create_environment_hook('custom_msgs', 'ld_library_path_lib')
[4.833s] INFO:colcon.colcon_core.shell:Creating environment hook '/home/docker/ros2_ws/src/Pluto/custom_msgs/install/custom_msgs/share/custom_msgs/hook/ld_library_path_lib.ps1'
[4.833s] INFO:colcon.colcon_core.shell:Creating environment descriptor '/home/docker/ros2_ws/src/Pluto/custom_msgs/install/custom_msgs/share/custom_msgs/hook/ld_library_path_lib.dsv'
[4.834s] INFO:colcon.colcon_core.shell:Creating environment hook '/home/docker/ros2_ws/src/Pluto/custom_msgs/install/custom_msgs/share/custom_msgs/hook/ld_library_path_lib.sh'
[4.834s] Level 1:colcon.colcon_core.environment:checking '/home/docker/ros2_ws/src/Pluto/custom_msgs/install/custom_msgs/bin'
[4.834s] Level 1:colcon.colcon_core.environment:checking '/home/docker/ros2_ws/src/Pluto/custom_msgs/install/custom_msgs/lib/pkgconfig/custom_msgs.pc'
[4.834s] Level 1:colcon.colcon_core.environment:checking '/home/docker/ros2_ws/src/Pluto/custom_msgs/install/custom_msgs/lib/python3.10/site-packages'
[4.834s] Level 1:colcon.colcon_core.shell:create_environment_hook('custom_msgs', 'pythonpath')
[4.834s] INFO:colcon.colcon_core.shell:Creating environment hook '/home/docker/ros2_ws/src/Pluto/custom_msgs/install/custom_msgs/share/custom_msgs/hook/pythonpath.ps1'
[4.835s] INFO:colcon.colcon_core.shell:Creating environment descriptor '/home/docker/ros2_ws/src/Pluto/custom_msgs/install/custom_msgs/share/custom_msgs/hook/pythonpath.dsv'
[4.836s] INFO:colcon.colcon_core.shell:Creating environment hook '/home/docker/ros2_ws/src/Pluto/custom_msgs/install/custom_msgs/share/custom_msgs/hook/pythonpath.sh'
[4.836s] Level 1:colcon.colcon_core.environment:checking '/home/docker/ros2_ws/src/Pluto/custom_msgs/install/custom_msgs/bin'
[4.837s] INFO:colcon.colcon_core.shell:Creating package script '/home/docker/ros2_ws/src/Pluto/custom_msgs/install/custom_msgs/share/custom_msgs/package.ps1'
[4.837s] INFO:colcon.colcon_core.shell:Creating package descriptor '/home/docker/ros2_ws/src/Pluto/custom_msgs/install/custom_msgs/share/custom_msgs/package.dsv'
[4.838s] INFO:colcon.colcon_core.shell:Creating package script '/home/docker/ros2_ws/src/Pluto/custom_msgs/install/custom_msgs/share/custom_msgs/package.sh'
[4.839s] INFO:colcon.colcon_core.shell:Creating package script '/home/docker/ros2_ws/src/Pluto/custom_msgs/install/custom_msgs/share/custom_msgs/package.bash'
[4.839s] INFO:colcon.colcon_core.shell:Creating package script '/home/docker/ros2_ws/src/Pluto/custom_msgs/install/custom_msgs/share/custom_msgs/package.zsh'
[4.839s] Level 1:colcon.colcon_core.environment:create_file_with_runtime_dependencies(/home/docker/ros2_ws/src/Pluto/custom_msgs/install/custom_msgs/share/colcon-core/packages/custom_msgs)
[4.839s] DEBUG:colcon.colcon_parallel_executor.executor.parallel:closing loop
[4.839s] DEBUG:colcon.colcon_parallel_executor.executor.parallel:loop closed
[4.840s] DEBUG:colcon.colcon_parallel_executor.executor.parallel:run_until_complete finished with '0'
[4.840s] DEBUG:colcon.colcon_core.event_reactor:joining thread
[4.843s] INFO:colcon.colcon_core.plugin_system:Skipping extension 'colcon_notification.desktop_notification.notify_send': Could not find 'notify-send'
[4.843s] INFO:colcon.colcon_core.plugin_system:Skipping extension 'colcon_notification.desktop_notification.terminal_notifier': Not used on non-Darwin systems
[4.843s] INFO:colcon.colcon_core.plugin_system:Skipping extension 'colcon_notification.desktop_notification.win32': Not used on non-Windows systems
[4.843s] INFO:colcon.colcon_notification.desktop_notification:Sending desktop notification using 'notify2'
[4.845s] DEBUG:colcon.colcon_notification.desktop_notification.notify2:Failed to initialize notify2: org.freedesktop.DBus.Error.Spawn.ExecFailed: /usr/bin/dbus-launch terminated abnormally without any error message
[4.845s] DEBUG:colcon.colcon_core.event_reactor:joined thread
[4.846s] INFO:colcon.colcon_core.shell:Creating prefix script '/home/docker/ros2_ws/src/Pluto/custom_msgs/install/local_setup.ps1'
[4.847s] INFO:colcon.colcon_core.shell:Creating prefix util module '/home/docker/ros2_ws/src/Pluto/custom_msgs/install/_local_setup_util_ps1.py'
[4.848s] INFO:colcon.colcon_core.shell:Creating prefix chain script '/home/docker/ros2_ws/src/Pluto/custom_msgs/install/setup.ps1'
[4.851s] INFO:colcon.colcon_core.shell:Creating prefix script '/home/docker/ros2_ws/src/Pluto/custom_msgs/install/local_setup.sh'
[4.852s] INFO:colcon.colcon_core.shell:Creating prefix util module '/home/docker/ros2_ws/src/Pluto/custom_msgs/install/_local_setup_util_sh.py'
[4.852s] INFO:colcon.colcon_core.shell:Creating prefix chain script '/home/docker/ros2_ws/src/Pluto/custom_msgs/install/setup.sh'
[4.855s] INFO:colcon.colcon_core.shell:Creating prefix script '/home/docker/ros2_ws/src/Pluto/custom_msgs/install/local_setup.bash'
[4.855s] INFO:colcon.colcon_core.shell:Creating prefix chain script '/home/docker/ros2_ws/src/Pluto/custom_msgs/install/setup.bash'
[4.858s] INFO:colcon.colcon_core.shell:Creating prefix script '/home/docker/ros2_ws/src/Pluto/custom_msgs/install/local_setup.zsh'
[4.858s] INFO:colcon.colcon_core.shell:Creating prefix chain script '/home/docker/ros2_ws/src/Pluto/custom_msgs/install/setup.zsh'
