running egg_info
creating ../build/pluto_launch/pluto_launch.egg-info
writing ../build/pluto_launch/pluto_launch.egg-info/PKG-INFO
writing dependency_links to ../build/pluto_launch/pluto_launch.egg-info/dependency_links.txt
writing entry points to ../build/pluto_launch/pluto_launch.egg-info/entry_points.txt
writing requirements to ../build/pluto_launch/pluto_launch.egg-info/requires.txt
writing top-level names to ../build/pluto_launch/pluto_launch.egg-info/top_level.txt
writing manifest file '../build/pluto_launch/pluto_launch.egg-info/SOURCES.txt'
reading manifest file '../build/pluto_launch/pluto_launch.egg-info/SOURCES.txt'
writing manifest file '../build/pluto_launch/pluto_launch.egg-info/SOURCES.txt'
running build
running build_py
creating /home/shouyu/ros2_ws/src/Pluto/build/pluto_launch/build
creating /home/shouyu/ros2_ws/src/Pluto/build/pluto_launch/build/lib
creating /home/shouyu/ros2_ws/src/Pluto/build/pluto_launch/build/lib/pluto_launch
copying pluto_launch/__init__.py -> /home/shouyu/ros2_ws/src/Pluto/build/pluto_launch/build/lib/pluto_launch
running install
running install_lib
creating /home/shouyu/ros2_ws/src/Pluto/install/pluto_launch/lib/python3.10/site-packages/pluto_launch
copying /home/shouyu/ros2_ws/src/Pluto/build/pluto_launch/build/lib/pluto_launch/__init__.py -> /home/shouyu/ros2_ws/src/Pluto/install/pluto_launch/lib/python3.10/site-packages/pluto_launch
byte-compiling /home/shouyu/ros2_ws/src/Pluto/install/pluto_launch/lib/python3.10/site-packages/pluto_launch/__init__.py to __init__.cpython-310.pyc
running install_data
creating /home/shouyu/ros2_ws/src/Pluto/install/pluto_launch/share/ament_index
creating /home/shouyu/ros2_ws/src/Pluto/install/pluto_launch/share/ament_index/resource_index
creating /home/shouyu/ros2_ws/src/Pluto/install/pluto_launch/share/ament_index/resource_index/packages
copying resource/pluto_launch -> /home/shouyu/ros2_ws/src/Pluto/install/pluto_launch/share/ament_index/resource_index/packages
copying package.xml -> /home/shouyu/ros2_ws/src/Pluto/install/pluto_launch/share/pluto_launch
copying launch/example_substitutions.launch.py -> /home/shouyu/ros2_ws/src/Pluto/install/pluto_launch/share/pluto_launch
copying launch/example_main.launch.py -> /home/shouyu/ros2_ws/src/Pluto/install/pluto_launch/share/pluto_launch
running install_egg_info
Copying ../build/pluto_launch/pluto_launch.egg-info to /home/shouyu/ros2_ws/src/Pluto/install/pluto_launch/lib/python3.10/site-packages/pluto_launch-0.0.0-py3.10.egg-info
running install_scripts
writing list of installed files to '/home/shouyu/ros2_ws/src/Pluto/build/pluto_launch/install.log'
